starting worker for localhost:11766 
Type: EXEC 
Type: EXEC 
Type: EXEC 

Attaching package: ‘dplyr’

The following objects are masked from ‘package:stats’:

    filter, lag

The following objects are masked from ‘package:base’:

    intersect, setdiff, setequal, union


Attaching package: ‘lubridate’

The following object is masked from ‘package:base’:

    date


Attaching package: ‘purrr’

The following object is masked from ‘package:magrittr’:

    set_names

The following object is masked from ‘package:jsonlite’:

    flatten

Type: EXEC 
Type: DONE 
Type: DONE 
